<?xml version="1.0" encoding="UTF-8"?>
<testsuite xmlns:xsi="http://www.w3.org/2001/XMLSchema-instance" xsi:noNamespaceSchemaLocation="https://maven.apache.org/surefire/maven-surefire-plugin/xsd/surefire-test-report.xsd" name="test.api.TestRunner" time="3.825" tests="1" errors="0" skipped="0" failures="1">
  <properties>
    <property name="sun.desktop" value="windows"/>
    <property name="awt.toolkit" value="sun.awt.windows.WToolkit"/>
    <property name="java.specification.version" value="11"/>
    <property name="sun.cpu.isalist" value="amd64"/>
    <property name="sun.jnu.encoding" value="Cp1252"/>
    <property name="java.class.path" value="C:\Users\teksc\workSpace-phantom\phantom-karate-framework\target\test-classes;C:\Users\teksc\workSpace-phantom\phantom-karate-framework\target\classes;C:\Users\teksc\.m2\repository\com\intuit\karate\karate-junit5\1.3.1\karate-junit5-1.3.1.jar;C:\Users\teksc\.m2\repository\com\intuit\karate\karate-core\1.3.1\karate-core-1.3.1.jar;C:\Users\teksc\.m2\repository\org\graalvm\js\js-scriptengine\22.0.0.2\js-scriptengine-22.0.0.2.jar;C:\Users\teksc\.m2\repository\org\graalvm\sdk\graal-sdk\22.0.0.2\graal-sdk-22.0.0.2.jar;C:\Users\teksc\.m2\repository\org\graalvm\js\js\22.0.0.2\js-22.0.0.2.jar;C:\Users\teksc\.m2\repository\org\graalvm\regex\regex\22.0.0.2\regex-22.0.0.2.jar;C:\Users\teksc\.m2\repository\org\graalvm\truffle\truffle-api\22.0.0.2\truffle-api-22.0.0.2.jar;C:\Users\teksc\.m2\repository\org\thymeleaf\thymeleaf\3.0.14.RELEASE\thymeleaf-3.0.14.RELEASE.jar;C:\Users\teksc\.m2\repository\ognl\ognl\3.1.26\ognl-3.1.26.jar;C:\Users\teksc\.m2\repository\org\javassist\javassist\3.20.0-GA\javassist-3.20.0-GA.jar;C:\Users\teksc\.m2\repository\org\attoparser\attoparser\2.0.5.RELEASE\attoparser-2.0.5.RELEASE.jar;C:\Users\teksc\.m2\repository\org\unbescape\unbescape\1.1.6.RELEASE\unbescape-1.1.6.RELEASE.jar;C:\Users\teksc\.m2\repository\org\slf4j\slf4j-api\1.7.25\slf4j-api-1.7.25.jar;C:\Users\teksc\.m2\repository\com\linecorp\armeria\armeria\1.18.0\armeria-1.18.0.jar;C:\Users\teksc\.m2\repository\com\fasterxml\jackson\core\jackson-core\2.13.3\jackson-core-2.13.3.jar;C:\Users\teksc\.m2\repository\com\fasterxml\jackson\core\jackson-annotations\2.13.3\jackson-annotations-2.13.3.jar;C:\Users\teksc\.m2\repository\com\fasterxml\jackson\core\jackson-databind\2.13.3\jackson-databind-2.13.3.jar;C:\Users\teksc\.m2\repository\io\micrometer\micrometer-core\1.9.2\micrometer-core-1.9.2.jar;C:\Users\teksc\.m2\repository\org\hdrhistogram\HdrHistogram\2.1.12\HdrHistogram-2.1.12.jar;C:\Users\teksc\.m2\repository\org\latencyutils\LatencyUtils\2.0.3\LatencyUtils-2.0.3.jar;C:\Users\teksc\.m2\repository\io\netty\netty-transport\4.1.79.Final\netty-transport-4.1.79.Final.jar;C:\Users\teksc\.m2\repository\io\netty\netty-common\4.1.79.Final\netty-common-4.1.79.Final.jar;C:\Users\teksc\.m2\repository\io\netty\netty-buffer\4.1.79.Final\netty-buffer-4.1.79.Final.jar;C:\Users\teksc\.m2\repository\io\netty\netty-resolver\4.1.79.Final\netty-resolver-4.1.79.Final.jar;C:\Users\teksc\.m2\repository\io\netty\netty-codec-haproxy\4.1.79.Final\netty-codec-haproxy-4.1.79.Final.jar;C:\Users\teksc\.m2\repository\io\netty\netty-codec\4.1.79.Final\netty-codec-4.1.79.Final.jar;C:\Users\teksc\.m2\repository\io\netty\netty-codec-http2\4.1.79.Final\netty-codec-http2-4.1.79.Final.jar;C:\Users\teksc\.m2\repository\io\netty\netty-handler\4.1.79.Final\netty-handler-4.1.79.Final.jar;C:\Users\teksc\.m2\repository\io\netty\netty-codec-http\4.1.79.Final\netty-codec-http-4.1.79.Final.jar;C:\Users\teksc\.m2\repository\io\netty\netty-resolver-dns\4.1.79.Final\netty-resolver-dns-4.1.79.Final.jar;C:\Users\teksc\.m2\repository\io\netty\netty-codec-dns\4.1.79.Final\netty-codec-dns-4.1.79.Final.jar;C:\Users\teksc\.m2\repository\org\reactivestreams\reactive-streams\1.0.4\reactive-streams-1.0.4.jar;C:\Users\teksc\.m2\repository\com\google\code\findbugs\jsr305\3.0.2\jsr305-3.0.2.jar;C:\Users\teksc\.m2\repository\io\netty\netty-transport-native-unix-common\4.1.79.Final\netty-transport-native-unix-common-4.1.79.Final-linux-x86_64.jar;C:\Users\teksc\.m2\repository\io\netty\netty-transport-native-epoll\4.1.79.Final\netty-transport-native-epoll-4.1.79.Final-linux-x86_64.jar;C:\Users\teksc\.m2\repository\io\netty\netty-transport-native-unix-common\4.1.79.Final\netty-transport-native-unix-common-4.1.79.Final.jar;C:\Users\teksc\.m2\repository\io\netty\netty-transport-classes-epoll\4.1.79.Final\netty-transport-classes-epoll-4.1.79.Final.jar;C:\Users\teksc\.m2\repository\io\netty\netty-resolver-dns-native-macos\4.1.79.Final\netty-resolver-dns-native-macos-4.1.79.Final-osx-x86_64.jar;C:\Users\teksc\.m2\repository\io\netty\netty-resolver-dns-classes-macos\4.1.79.Final\netty-resolver-dns-classes-macos-4.1.79.Final.jar;C:\Users\teksc\.m2\repository\io\netty\netty-resolver-dns-native-macos\4.1.79.Final\netty-resolver-dns-native-macos-4.1.79.Final-osx-aarch_64.jar;C:\Users\teksc\.m2\repository\io\netty\netty-tcnative-boringssl-static\2.0.53.Final\netty-tcnative-boringssl-static-2.0.53.Final-linux-x86_64.jar;C:\Users\teksc\.m2\repository\io\netty\netty-tcnative-classes\2.0.53.Final\netty-tcnative-classes-2.0.53.Final.jar;C:\Users\teksc\.m2\repository\io\netty\netty-tcnative-boringssl-static\2.0.53.Final\netty-tcnative-boringssl-static-2.0.53.Final-linux-aarch_64.jar;C:\Users\teksc\.m2\repository\io\netty\netty-tcnative-boringssl-static\2.0.53.Final\netty-tcnative-boringssl-static-2.0.53.Final-osx-x86_64.jar;C:\Users\teksc\.m2\repository\io\netty\netty-tcnative-boringssl-static\2.0.53.Final\netty-tcnative-boringssl-static-2.0.53.Final-osx-aarch_64.jar;C:\Users\teksc\.m2\repository\io\netty\netty-tcnative-boringssl-static\2.0.53.Final\netty-tcnative-boringssl-static-2.0.53.Final-windows-x86_64.jar;C:\Users\teksc\.m2\repository\io\netty\netty-handler-proxy\4.1.79.Final\netty-handler-proxy-4.1.79.Final.jar;C:\Users\teksc\.m2\repository\io\netty\netty-codec-socks\4.1.79.Final\netty-codec-socks-4.1.79.Final.jar;C:\Users\teksc\.m2\repository\com\aayushatharva\brotli4j\brotli4j\1.7.1\brotli4j-1.7.1.jar;C:\Users\teksc\.m2\repository\com\aayushatharva\brotli4j\native-windows-x86_64\1.7.1\native-windows-x86_64-1.7.1.jar;C:\Users\teksc\.m2\repository\org\apache\httpcomponents\httpclient\4.5.13\httpclient-4.5.13.jar;C:\Users\teksc\.m2\repository\org\apache\httpcomponents\httpcore\4.4.13\httpcore-4.4.13.jar;C:\Users\teksc\.m2\repository\commons-codec\commons-codec\1.11\commons-codec-1.11.jar;C:\Users\teksc\.m2\repository\ch\qos\logback\logback-classic\1.2.9\logback-classic-1.2.9.jar;C:\Users\teksc\.m2\repository\ch\qos\logback\logback-core\1.2.9\logback-core-1.2.9.jar;C:\Users\teksc\.m2\repository\org\slf4j\jcl-over-slf4j\1.7.32\jcl-over-slf4j-1.7.32.jar;C:\Users\teksc\.m2\repository\org\antlr\antlr4-runtime\4.9.3\antlr4-runtime-4.9.3.jar;C:\Users\teksc\.m2\repository\com\jayway\jsonpath\json-path\2.7.0\json-path-2.7.0.jar;C:\Users\teksc\.m2\repository\net\minidev\json-smart\2.4.7\json-smart-2.4.7.jar;C:\Users\teksc\.m2\repository\net\minidev\accessors-smart\2.4.7\accessors-smart-2.4.7.jar;C:\Users\teksc\.m2\repository\org\ow2\asm\asm\9.1\asm-9.1.jar;C:\Users\teksc\.m2\repository\info\cukes\cucumber-java\1.2.5\cucumber-java-1.2.5.jar;C:\Users\teksc\.m2\repository\info\cukes\cucumber-core\1.2.5\cucumber-core-1.2.5.jar;C:\Users\teksc\.m2\repository\de\siegmar\fastcsv\2.0.0\fastcsv-2.0.0.jar;C:\Users\teksc\.m2\repository\info\picocli\picocli\4.6.1\picocli-4.6.1.jar;C:\Users\teksc\.m2\repository\io\github\classgraph\classgraph\4.8.149\classgraph-4.8.149.jar;C:\Users\teksc\.m2\repository\io\github\t12y\resemble\1.0.2\resemble-1.0.2.jar;C:\Users\teksc\.m2\repository\io\github\t12y\ssim\1.0.0\ssim-1.0.0.jar;C:\Users\teksc\.m2\repository\org\junit\jupiter\junit-jupiter-api\5.7.2\junit-jupiter-api-5.7.2.jar;C:\Users\teksc\.m2\repository\org\apiguardian\apiguardian-api\1.1.0\apiguardian-api-1.1.0.jar;C:\Users\teksc\.m2\repository\org\opentest4j\opentest4j\1.2.0\opentest4j-1.2.0.jar;C:\Users\teksc\.m2\repository\org\junit\platform\junit-platform-commons\1.7.2\junit-platform-commons-1.7.2.jar;C:\Users\teksc\.m2\repository\org\junit\jupiter\junit-jupiter-engine\5.7.2\junit-jupiter-engine-5.7.2.jar;C:\Users\teksc\.m2\repository\org\junit\platform\junit-platform-engine\1.7.2\junit-platform-engine-1.7.2.jar;C:\Users\teksc\.m2\repository\net\datafaker\datafaker\1.8.1\datafaker-1.8.1.jar;C:\Users\teksc\.m2\repository\org\yaml\snakeyaml\1.33\snakeyaml-1.33.jar;C:\Users\teksc\.m2\repository\com\github\mifmif\generex\1.0.2\generex-1.0.2.jar;C:\Users\teksc\.m2\repository\dk\brics\automaton\automaton\1.11-8\automaton-1.11-8.jar;"/>
    <property name="java.vm.vendor" value="Oracle Corporation"/>
    <property name="sun.arch.data.model" value="64"/>
    <property name="user.variant" value=""/>
    <property name="java.vendor.url" value="https://openjdk.java.net/"/>
    <property name="user.timezone" value="America/New_York"/>
    <property name="java.vm.specification.version" value="11"/>
    <property name="os.name" value="Windows 11"/>
    <property name="sun.java.launcher" value="SUN_STANDARD"/>
    <property name="user.country" value="US"/>
    <property name="sun.boot.library.path" value="C:\Program Files\Java\jdk-11.0.16.1\bin"/>
    <property name="sun.java.command" value="C:\Users\teksc\AppData\Local\Temp\surefire1935752735942280888\surefirebooter18358279914099357366.jar C:\Users\teksc\AppData\Local\Temp\surefire1935752735942280888 2023-03-21T14-44-10_248-jvmRun1 surefire5861105223722983350tmp surefire_0773888367575975391tmp"/>
    <property name="jdk.debug" value="release"/>
    <property name="surefire.test.class.path" value="C:\Users\teksc\workSpace-phantom\phantom-karate-framework\target\test-classes;C:\Users\teksc\workSpace-phantom\phantom-karate-framework\target\classes;C:\Users\teksc\.m2\repository\com\intuit\karate\karate-junit5\1.3.1\karate-junit5-1.3.1.jar;C:\Users\teksc\.m2\repository\com\intuit\karate\karate-core\1.3.1\karate-core-1.3.1.jar;C:\Users\teksc\.m2\repository\org\graalvm\js\js-scriptengine\22.0.0.2\js-scriptengine-22.0.0.2.jar;C:\Users\teksc\.m2\repository\org\graalvm\sdk\graal-sdk\22.0.0.2\graal-sdk-22.0.0.2.jar;C:\Users\teksc\.m2\repository\org\graalvm\js\js\22.0.0.2\js-22.0.0.2.jar;C:\Users\teksc\.m2\repository\org\graalvm\regex\regex\22.0.0.2\regex-22.0.0.2.jar;C:\Users\teksc\.m2\repository\org\graalvm\truffle\truffle-api\22.0.0.2\truffle-api-22.0.0.2.jar;C:\Users\teksc\.m2\repository\org\thymeleaf\thymeleaf\3.0.14.RELEASE\thymeleaf-3.0.14.RELEASE.jar;C:\Users\teksc\.m2\repository\ognl\ognl\3.1.26\ognl-3.1.26.jar;C:\Users\teksc\.m2\repository\org\javassist\javassist\3.20.0-GA\javassist-3.20.0-GA.jar;C:\Users\teksc\.m2\repository\org\attoparser\attoparser\2.0.5.RELEASE\attoparser-2.0.5.RELEASE.jar;C:\Users\teksc\.m2\repository\org\unbescape\unbescape\1.1.6.RELEASE\unbescape-1.1.6.RELEASE.jar;C:\Users\teksc\.m2\repository\org\slf4j\slf4j-api\1.7.25\slf4j-api-1.7.25.jar;C:\Users\teksc\.m2\repository\com\linecorp\armeria\armeria\1.18.0\armeria-1.18.0.jar;C:\Users\teksc\.m2\repository\com\fasterxml\jackson\core\jackson-core\2.13.3\jackson-core-2.13.3.jar;C:\Users\teksc\.m2\repository\com\fasterxml\jackson\core\jackson-annotations\2.13.3\jackson-annotations-2.13.3.jar;C:\Users\teksc\.m2\repository\com\fasterxml\jackson\core\jackson-databind\2.13.3\jackson-databind-2.13.3.jar;C:\Users\teksc\.m2\repository\io\micrometer\micrometer-core\1.9.2\micrometer-core-1.9.2.jar;C:\Users\teksc\.m2\repository\org\hdrhistogram\HdrHistogram\2.1.12\HdrHistogram-2.1.12.jar;C:\Users\teksc\.m2\repository\org\latencyutils\LatencyUtils\2.0.3\LatencyUtils-2.0.3.jar;C:\Users\teksc\.m2\repository\io\netty\netty-transport\4.1.79.Final\netty-transport-4.1.79.Final.jar;C:\Users\teksc\.m2\repository\io\netty\netty-common\4.1.79.Final\netty-common-4.1.79.Final.jar;C:\Users\teksc\.m2\repository\io\netty\netty-buffer\4.1.79.Final\netty-buffer-4.1.79.Final.jar;C:\Users\teksc\.m2\repository\io\netty\netty-resolver\4.1.79.Final\netty-resolver-4.1.79.Final.jar;C:\Users\teksc\.m2\repository\io\netty\netty-codec-haproxy\4.1.79.Final\netty-codec-haproxy-4.1.79.Final.jar;C:\Users\teksc\.m2\repository\io\netty\netty-codec\4.1.79.Final\netty-codec-4.1.79.Final.jar;C:\Users\teksc\.m2\repository\io\netty\netty-codec-http2\4.1.79.Final\netty-codec-http2-4.1.79.Final.jar;C:\Users\teksc\.m2\repository\io\netty\netty-handler\4.1.79.Final\netty-handler-4.1.79.Final.jar;C:\Users\teksc\.m2\repository\io\netty\netty-codec-http\4.1.79.Final\netty-codec-http-4.1.79.Final.jar;C:\Users\teksc\.m2\repository\io\netty\netty-resolver-dns\4.1.79.Final\netty-resolver-dns-4.1.79.Final.jar;C:\Users\teksc\.m2\repository\io\netty\netty-codec-dns\4.1.79.Final\netty-codec-dns-4.1.79.Final.jar;C:\Users\teksc\.m2\repository\org\reactivestreams\reactive-streams\1.0.4\reactive-streams-1.0.4.jar;C:\Users\teksc\.m2\repository\com\google\code\findbugs\jsr305\3.0.2\jsr305-3.0.2.jar;C:\Users\teksc\.m2\repository\io\netty\netty-transport-native-unix-common\4.1.79.Final\netty-transport-native-unix-common-4.1.79.Final-linux-x86_64.jar;C:\Users\teksc\.m2\repository\io\netty\netty-transport-native-epoll\4.1.79.Final\netty-transport-native-epoll-4.1.79.Final-linux-x86_64.jar;C:\Users\teksc\.m2\repository\io\netty\netty-transport-native-unix-common\4.1.79.Final\netty-transport-native-unix-common-4.1.79.Final.jar;C:\Users\teksc\.m2\repository\io\netty\netty-transport-classes-epoll\4.1.79.Final\netty-transport-classes-epoll-4.1.79.Final.jar;C:\Users\teksc\.m2\repository\io\netty\netty-resolver-dns-native-macos\4.1.79.Final\netty-resolver-dns-native-macos-4.1.79.Final-osx-x86_64.jar;C:\Users\teksc\.m2\repository\io\netty\netty-resolver-dns-classes-macos\4.1.79.Final\netty-resolver-dns-classes-macos-4.1.79.Final.jar;C:\Users\teksc\.m2\repository\io\netty\netty-resolver-dns-native-macos\4.1.79.Final\netty-resolver-dns-native-macos-4.1.79.Final-osx-aarch_64.jar;C:\Users\teksc\.m2\repository\io\netty\netty-tcnative-boringssl-static\2.0.53.Final\netty-tcnative-boringssl-static-2.0.53.Final-linux-x86_64.jar;C:\Users\teksc\.m2\repository\io\netty\netty-tcnative-classes\2.0.53.Final\netty-tcnative-classes-2.0.53.Final.jar;C:\Users\teksc\.m2\repository\io\netty\netty-tcnative-boringssl-static\2.0.53.Final\netty-tcnative-boringssl-static-2.0.53.Final-linux-aarch_64.jar;C:\Users\teksc\.m2\repository\io\netty\netty-tcnative-boringssl-static\2.0.53.Final\netty-tcnative-boringssl-static-2.0.53.Final-osx-x86_64.jar;C:\Users\teksc\.m2\repository\io\netty\netty-tcnative-boringssl-static\2.0.53.Final\netty-tcnative-boringssl-static-2.0.53.Final-osx-aarch_64.jar;C:\Users\teksc\.m2\repository\io\netty\netty-tcnative-boringssl-static\2.0.53.Final\netty-tcnative-boringssl-static-2.0.53.Final-windows-x86_64.jar;C:\Users\teksc\.m2\repository\io\netty\netty-handler-proxy\4.1.79.Final\netty-handler-proxy-4.1.79.Final.jar;C:\Users\teksc\.m2\repository\io\netty\netty-codec-socks\4.1.79.Final\netty-codec-socks-4.1.79.Final.jar;C:\Users\teksc\.m2\repository\com\aayushatharva\brotli4j\brotli4j\1.7.1\brotli4j-1.7.1.jar;C:\Users\teksc\.m2\repository\com\aayushatharva\brotli4j\native-windows-x86_64\1.7.1\native-windows-x86_64-1.7.1.jar;C:\Users\teksc\.m2\repository\org\apache\httpcomponents\httpclient\4.5.13\httpclient-4.5.13.jar;C:\Users\teksc\.m2\repository\org\apache\httpcomponents\httpcore\4.4.13\httpcore-4.4.13.jar;C:\Users\teksc\.m2\repository\commons-codec\commons-codec\1.11\commons-codec-1.11.jar;C:\Users\teksc\.m2\repository\ch\qos\logback\logback-classic\1.2.9\logback-classic-1.2.9.jar;C:\Users\teksc\.m2\repository\ch\qos\logback\logback-core\1.2.9\logback-core-1.2.9.jar;C:\Users\teksc\.m2\repository\org\slf4j\jcl-over-slf4j\1.7.32\jcl-over-slf4j-1.7.32.jar;C:\Users\teksc\.m2\repository\org\antlr\antlr4-runtime\4.9.3\antlr4-runtime-4.9.3.jar;C:\Users\teksc\.m2\repository\com\jayway\jsonpath\json-path\2.7.0\json-path-2.7.0.jar;C:\Users\teksc\.m2\repository\net\minidev\json-smart\2.4.7\json-smart-2.4.7.jar;C:\Users\teksc\.m2\repository\net\minidev\accessors-smart\2.4.7\accessors-smart-2.4.7.jar;C:\Users\teksc\.m2\repository\org\ow2\asm\asm\9.1\asm-9.1.jar;C:\Users\teksc\.m2\repository\info\cukes\cucumber-java\1.2.5\cucumber-java-1.2.5.jar;C:\Users\teksc\.m2\repository\info\cukes\cucumber-core\1.2.5\cucumber-core-1.2.5.jar;C:\Users\teksc\.m2\repository\de\siegmar\fastcsv\2.0.0\fastcsv-2.0.0.jar;C:\Users\teksc\.m2\repository\info\picocli\picocli\4.6.1\picocli-4.6.1.jar;C:\Users\teksc\.m2\repository\io\github\classgraph\classgraph\4.8.149\classgraph-4.8.149.jar;C:\Users\teksc\.m2\repository\io\github\t12y\resemble\1.0.2\resemble-1.0.2.jar;C:\Users\teksc\.m2\repository\io\github\t12y\ssim\1.0.0\ssim-1.0.0.jar;C:\Users\teksc\.m2\repository\org\junit\jupiter\junit-jupiter-api\5.7.2\junit-jupiter-api-5.7.2.jar;C:\Users\teksc\.m2\repository\org\apiguardian\apiguardian-api\1.1.0\apiguardian-api-1.1.0.jar;C:\Users\teksc\.m2\repository\org\opentest4j\opentest4j\1.2.0\opentest4j-1.2.0.jar;C:\Users\teksc\.m2\repository\org\junit\platform\junit-platform-commons\1.7.2\junit-platform-commons-1.7.2.jar;C:\Users\teksc\.m2\repository\org\junit\jupiter\junit-jupiter-engine\5.7.2\junit-jupiter-engine-5.7.2.jar;C:\Users\teksc\.m2\repository\org\junit\platform\junit-platform-engine\1.7.2\junit-platform-engine-1.7.2.jar;C:\Users\teksc\.m2\repository\net\datafaker\datafaker\1.8.1\datafaker-1.8.1.jar;C:\Users\teksc\.m2\repository\org\yaml\snakeyaml\1.33\snakeyaml-1.33.jar;C:\Users\teksc\.m2\repository\com\github\mifmif\generex\1.0.2\generex-1.0.2.jar;C:\Users\teksc\.m2\repository\dk\brics\automaton\automaton\1.11-8\automaton-1.11-8.jar;"/>
    <property name="sun.cpu.endian" value="little"/>
    <property name="user.home" value="C:\Users\teksc"/>
    <property name="user.language" value="en"/>
    <property name="java.specification.vendor" value="Oracle Corporation"/>
    <property name="java.version.date" value="2022-08-18"/>
    <property name="java.home" value="C:\Program Files\Java\jdk-11.0.16.1"/>
    <property name="file.separator" value="\"/>
    <property name="style.color" value="always"/>
    <property name="basedir" value="C:\Users\teksc\workSpace-phantom\phantom-karate-framework"/>
    <property name="java.vm.compressedOopsMode" value="Zero based"/>
    <property name="line.separator" value="&#10;"/>
    <property name="java.specification.name" value="Java Platform API Specification"/>
    <property name="java.vm.specification.vendor" value="Oracle Corporation"/>
    <property name="java.awt.graphicsenv" value="sun.awt.Win32GraphicsEnvironment"/>
    <property name="surefire.real.class.path" value="C:\Users\teksc\AppData\Local\Temp\surefire1935752735942280888\surefirebooter18358279914099357366.jar"/>
    <property name="user.script" value=""/>
    <property name="sun.management.compiler" value="HotSpot 64-Bit Tiered Compilers"/>
    <property name="java.runtime.version" value="11.0.16.1+1-LTS-1"/>
    <property name="user.name" value="teksc"/>
    <property name="path.separator" value=";"/>
    <property name="os.version" value="10.0"/>
    <property name="java.runtime.name" value="Java(TM) SE Runtime Environment"/>
    <property name="file.encoding" value="UTF-8"/>
    <property name="java.vm.name" value="Java HotSpot(TM) 64-Bit Server VM"/>
    <property name="java.vendor.version" value="18.9"/>
    <property name="localRepository" value="C:\Users\teksc\.m2\repository"/>
    <property name="java.vendor.url.bug" value="https://bugreport.java.com/bugreport/"/>
    <property name="java.io.tmpdir" value="C:\Users\teksc\AppData\Local\Temp\"/>
    <property name="java.version" value="11.0.16.1"/>
    <property name="user.dir" value="C:\Users\teksc\workSpace-phantom\phantom-karate-framework"/>
    <property name="os.arch" value="amd64"/>
    <property name="java.vm.specification.name" value="Java Virtual Machine Specification"/>
    <property name="java.awt.printerjob" value="sun.awt.windows.WPrinterJob"/>
    <property name="sun.os.patch.level" value=""/>
    <property name="java.library.path" value="C:\Program Files\Java\jdk-11.0.16.1\bin;C:\WINDOWS\Sun\Java\bin;C:\WINDOWS\system32;C:\WINDOWS;C:/Users/teksc/.p2/pool/plugins/org.eclipse.justj.openjdk.hotspot.jre.full.win32.x86_64_17.0.5.v20221102-0933/jre/bin/server;C:/Users/teksc/.p2/pool/plugins/org.eclipse.justj.openjdk.hotspot.jre.full.win32.x86_64_17.0.5.v20221102-0933/jre/bin;C:\Program Files\Common Files\Oracle\Java\javapath;C:\WINDOWS\system32;C:\WINDOWS;C:\WINDOWS\System32\Wbem;C:\WINDOWS\System32\WindowsPowerShell\v1.0\;C:\WINDOWS\System32\OpenSSH\;C:\Program Files\Java\jdk-11.0.16.1\bin;C:\Program Files\Git\cmd;C:\Users\teksc\AppData\Local\Microsoft\WindowsApps;;C:\WINDOWS\system32;;."/>
    <property name="java.vendor" value="Oracle Corporation"/>
    <property name="java.vm.info" value="mixed mode"/>
    <property name="java.vm.version" value="11.0.16.1+1-LTS-1"/>
    <property name="sun.io.unicode.encoding" value="UnicodeLittle"/>
    <property name="java.class.version" value="55.0"/>
  </properties>
  <testcase name="runTest[1][1]" classname="test.api.TestRunner" time="2.033">
    <failure message="status code was: 400, expected: 201, response time in milliseconds: 223, url: https://tek-insurance-api.azurewebsites.net/api/accounts/add-primary-account, response: &#10;{&quot;errorCode&quot;:&quot;ACCOUNT_EXIST&quot;,&quot;httpStatus&quot;:&quot;BAD_REQUEST&quot;,&quot;errorMessage&quot;:&quot;Account with Email karate.phantom@tekschool.us is exist&quot;}&#10;classpath:features/CreateAccount.feature:25" type="org.opentest4j.AssertionFailedError">org.opentest4j.AssertionFailedError: 
status code was: 400, expected: 201, response time in milliseconds: 223, url: https://tek-insurance-api.azurewebsites.net/api/accounts/add-primary-account, response: 
{"errorCode":"ACCOUNT_EXIST","httpStatus":"BAD_REQUEST","errorMessage":"Account with Email karate.phantom@tekschool.us is exist"}
classpath:features/CreateAccount.feature:25
</failure>
    <system-out><![CDATA[14:44:12.251 [main] DEBUG com.intuit.karate.Suite - [config] classpath:karate-config.js
14:44:13.229 [main] INFO  com.intuit.karate - karate.env system property was: null 
14:44:13.648 [main] DEBUG com.intuit.karate - request:
1 > POST https://tek-insurance-api.azurewebsites.net/api/token
1 > Content-Type: application/json; charset=UTF-8
1 > Content-Length: 53
1 > Host: tek-insurance-api.azurewebsites.net
1 > Connection: Keep-Alive
1 > User-Agent: Apache-HttpClient/4.5.13 (Java/11.0.16.1)
1 > Accept-Encoding: gzip,deflate
{"username":"supervisor","password":"tek_supervisor"}

14:44:14.238 [main] DEBUG com.intuit.karate - response time in milliseconds: 587
1 < 200
1 < Content-Type: application/json
1 < Date: Tue, 21 Mar 2023 18:45:43 GMT
1 < Cache-Control: no-cache, no-store, max-age=0, must-revalidate
1 < Expires: 0
1 < Pragma: no-cache
1 < Transfer-Encoding: chunked
1 < Vary: Origin
1 < Vary: Access-Control-Request-Method
1 < Vary: Access-Control-Request-Headers
1 < X-Content-Type-Options: nosniff
1 < X-XSS-Protection: 1; mode=block
1 < Strict-Transport-Security: max-age=31536000 ; includeSubDomains
1 < X-Frame-Options: DENY
{"fullName":"Supervisor","username":"SUPERVISOR","token":"eyJraWQiOiJUZWtzY2hvb2wgSW5zdXJhbmNlIEFwcGxpY2F0aW9uIiwidHlwIjoiSldUIiwiYWxnIjoiSFM1MTIifQ.eyJhdWQiOiJVc2VyIG1hbmFnZW1lbnQgcG9ydGFsIiwic3ViIjoiU1VQRVJWSVNPUiIsImlzcyI6IlRlayBJbnN1cmFuY2UgQXBwbGljYXRpb24iLCJBdXRob3JpdGllcyI6WyJBRE1JTiJdLCJleHAiOjE2Nzk1MTA3NDMsImlhdCI6MTY3OTQyNDM0M30.0OGDprBXX70fVBEph6UnGBsXm-MjSHjTJsJcvu5rAqsMxkuCD1P6BCpQJ1SCXIOYo9z-sY4xfJvcfGQRO-vEfg","generateDate":1679424343653,"accountType":"CSR"}

14:44:14.245 [main] INFO  com.intuit.karate - [print] {
  "fullName": "Supervisor",
  "username": "SUPERVISOR",
  "token": "eyJraWQiOiJUZWtzY2hvb2wgSW5zdXJhbmNlIEFwcGxpY2F0aW9uIiwidHlwIjoiSldUIiwiYWxnIjoiSFM1MTIifQ.eyJhdWQiOiJVc2VyIG1hbmFnZW1lbnQgcG9ydGFsIiwic3ViIjoiU1VQRVJWSVNPUiIsImlzcyI6IlRlayBJbnN1cmFuY2UgQXBwbGljYXRpb24iLCJBdXRob3JpdGllcyI6WyJBRE1JTiJdLCJleHAiOjE2Nzk1MTA3NDMsImlhdCI6MTY3OTQyNDM0M30.0OGDprBXX70fVBEph6UnGBsXm-MjSHjTJsJcvu5rAqsMxkuCD1P6BCpQJ1SCXIOYo9z-sY4xfJvcfGQRO-vEfg",
  "generateDate": 1679424343653,
  "accountType": "CSR"
}
 
14:44:14.249 [main] INFO  com.intuit.karate - [print] eyJraWQiOiJUZWtzY2hvb2wgSW5zdXJhbmNlIEFwcGxpY2F0aW9uIiwidHlwIjoiSldUIiwiYWxnIjoiSFM1MTIifQ.eyJhdWQiOiJVc2VyIG1hbmFnZW1lbnQgcG9ydGFsIiwic3ViIjoiU1VQRVJWSVNPUiIsImlzcyI6IlRlayBJbnN1cmFuY2UgQXBwbGljYXRpb24iLCJBdXRob3JpdGllcyI6WyJBRE1JTiJdLCJleHAiOjE2Nzk1MTA3NDMsImlhdCI6MTY3OTQyNDM0M30.0OGDprBXX70fVBEph6UnGBsXm-MjSHjTJsJcvu5rAqsMxkuCD1P6BCpQJ1SCXIOYo9z-sY4xfJvcfGQRO-vEfg 
14:44:14.258 [main] DEBUG com.intuit.karate - request:
1 > POST https://tek-insurance-api.azurewebsites.net/api/accounts/add-primary-account
1 > Authorization: Bearer eyJraWQiOiJUZWtzY2hvb2wgSW5zdXJhbmNlIEFwcGxpY2F0aW9uIiwidHlwIjoiSldUIiwiYWxnIjoiSFM1MTIifQ.eyJhdWQiOiJVc2VyIG1hbmFnZW1lbnQgcG9ydGFsIiwic3ViIjoiU1VQRVJWSVNPUiIsImlzcyI6IlRlayBJbnN1cmFuY2UgQXBwbGljYXRpb24iLCJBdXRob3JpdGllcyI6WyJBRE1JTiJdLCJleHAiOjE2Nzk1MTA3NDMsImlhdCI6MTY3OTQyNDM0M30.0OGDprBXX70fVBEph6UnGBsXm-MjSHjTJsJcvu5rAqsMxkuCD1P6BCpQJ1SCXIOYo9z-sY4xfJvcfGQRO-vEfg
1 > Content-Type: application/json; charset=UTF-8
1 > Content-Length: 211
1 > Host: tek-insurance-api.azurewebsites.net
1 > Connection: Keep-Alive
1 > User-Agent: Apache-HttpClient/4.5.13 (Java/11.0.16.1)
1 > Accept-Encoding: gzip,deflate
{"id":0,"email":"karate.phantom@tekschool.us","firstName":"karate","lastName":"phantom","title":"Mr.","gender":"MALE","maritalStatus":"MARRIED","employmentStatus":"student","dateOfBirth":"2000-01-12","new":true}

14:44:14.484 [main] DEBUG com.intuit.karate - response time in milliseconds: 223
1 < 400
1 < Content-Type: application/json
1 < Date: Tue, 21 Mar 2023 18:45:43 GMT
1 < Cache-Control: no-cache, no-store, max-age=0, must-revalidate
1 < Expires: 0
1 < Pragma: no-cache
1 < Set-Cookie: JSESSIONID=BFDEFE11F18444B4C3DF2734857F7DEC; Path=/; Secure; HttpOnly
1 < Transfer-Encoding: chunked
1 < Vary: Origin
1 < Vary: Access-Control-Request-Method
1 < Vary: Access-Control-Request-Headers
1 < X-Content-Type-Options: nosniff
1 < X-XSS-Protection: 1; mode=block
1 < Strict-Transport-Security: max-age=31536000 ; includeSubDomains
1 < X-Frame-Options: DENY
{"errorCode":"ACCOUNT_EXIST","httpStatus":"BAD_REQUEST","errorMessage":"Account with Email karate.phantom@tekschool.us is exist"}

14:44:14.486 [main] ERROR com.intuit.karate - classpath:features/CreateAccount.feature:25
* status 201
status code was: 400, expected: 201, response time in milliseconds: 223, url: https://tek-insurance-api.azurewebsites.net/api/accounts/add-primary-account, response: 
{"errorCode":"ACCOUNT_EXIST","httpStatus":"BAD_REQUEST","errorMessage":"Account with Email karate.phantom@tekschool.us is exist"}
classpath:features/CreateAccount.feature:25
---------------------------------------------------------
feature: classpath:features/CreateAccount.feature
scenarios:  1 | passed:  0 | failed:  1 | time: 1.2249
---------------------------------------------------------

]]></system-out>
  </testcase>
</testsuite>